\BOOKMARK [1][-]{section.1}{\376\377\000I\000n\000t\000r\000o\000d\000u\000z\000i\000o\000n\000e}{}% 1
\BOOKMARK [2][-]{subsection.1.1}{\376\377\000L\000'\000i\000d\000e\000a\000\040\000d\000e\000l\000\040\000p\000r\000o\000g\000e\000t\000t\000o\000\040\000i\000n\000\040\0006\0000\000\040\000s\000e\000c\000o\000n\000d\000i}{section.1}% 2
\BOOKMARK [2][-]{subsection.1.2}{\376\377\000C\000o\000s\000'\000\350\000\040\000i\000l\000\040\000N\000e\000u\000r\000a\000l\000\040\000A\000r\000c\000h\000i\000t\000e\000c\000t\000u\000r\000e\000\040\000S\000e\000a\000r\000c\000h\000\040\000\050\000N\000A\000S\000\051}{section.1}% 3
\BOOKMARK [2][-]{subsection.1.3}{\376\377\000O\000r\000i\000g\000i\000n\000a\000l\000i\000t\000\340\000\040\000e\000\040\000r\000i\000l\000e\000v\000a\000n\000z\000a}{section.1}% 4
\BOOKMARK [1][-]{section.2}{\376\377\000B\000a\000c\000k\000g\000r\000o\000u\000n\000d\000\040\000d\000i\000\040\000M\000a\000c\000h\000i\000n\000e\000\040\000L\000e\000a\000r\000n\000i\000n\000g}{}% 5
\BOOKMARK [2][-]{subsection.2.1}{\376\377\000A\000p\000p\000r\000e\000n\000d\000i\000m\000e\000n\000t\000o\000\040\000s\000u\000p\000e\000r\000v\000i\000s\000i\000o\000n\000a\000t\000o}{section.2}% 6
\BOOKMARK [2][-]{subsection.2.2}{\376\377\000T\000r\000a\000i\000n\000,\000\040\000V\000a\000l\000i\000d\000a\000t\000i\000o\000n\000\040\000e\000\040\000T\000e\000s\000t\000\040\000s\000e\000t}{section.2}% 7
\BOOKMARK [3][-]{subsubsection.2.2.1}{\376\377\000H\000o\000l\000d\000o\000u\000t\000\040\000v\000s\000\040\000k\000-\000f\000o\000l\000d\000\040\000c\000r\000o\000s\000s\000\040\000v\000a\000l\000i\000d\000a\000t\000i\000o\000n}{subsection.2.2}% 8
\BOOKMARK [3][-]{subsubsection.2.2.2}{\376\377\000S\000t\000r\000a\000t\000i\000f\000i\000c\000a\000z\000i\000o\000n\000e}{subsection.2.2}% 9
\BOOKMARK [2][-]{subsection.2.3}{\376\377\000C\000l\000a\000s\000s\000i\000f\000i\000c\000a\000z\000i\000o\000n\000e\000\040\000v\000s\000\040\000R\000e\000g\000r\000e\000s\000s\000i\000o\000n\000e}{section.2}% 10
\BOOKMARK [2][-]{subsection.2.4}{\376\377\000I\000p\000e\000r\000p\000a\000r\000a\000m\000e\000t\000r\000i\000\040\000v\000s\000\040\000p\000a\000r\000a\000m\000e\000t\000r\000i}{section.2}% 11
\BOOKMARK [2][-]{subsection.2.5}{\376\377\000O\000v\000e\000r\000f\000i\000t\000t\000i\000n\000g\000\040\000e\000\040\000g\000e\000n\000e\000r\000a\000l\000i\000z\000z\000a\000z\000i\000o\000n\000e}{section.2}% 12
\BOOKMARK [1][-]{section.3}{\376\377\000R\000e\000t\000i\000\040\000N\000e\000u\000r\000a\000l\000i\000\040\000A\000r\000t\000i\000f\000i\000c\000i\000a\000l\000i}{}% 13
\BOOKMARK [2][-]{subsection.3.1}{\376\377\000D\000a\000l\000\040\000n\000e\000u\000r\000o\000n\000e\000\040\000b\000i\000o\000l\000o\000g\000i\000c\000o\000\040\000a\000l\000\040\000n\000e\000u\000r\000o\000n\000e\000\040\000a\000r\000t\000i\000f\000i\000c\000i\000a\000l\000e}{section.3}% 14
\BOOKMARK [2][-]{subsection.3.2}{\376\377\000T\000o\000p\000o\000l\000o\000g\000i\000a\000:\000\040\000i\000n\000p\000u\000t\000,\000\040\000h\000i\000d\000d\000e\000n\000,\000\040\000o\000u\000t\000p\000u\000t}{section.3}% 15
\BOOKMARK [2][-]{subsection.3.3}{\376\377\000F\000u\000n\000z\000i\000o\000n\000i\000\040\000d\000i\000\040\000a\000t\000t\000i\000v\000a\000z\000i\000o\000n\000e}{section.3}% 16
\BOOKMARK [2][-]{subsection.3.4}{\376\377\000F\000o\000r\000w\000a\000r\000d\000\040\000s\000t\000e\000p}{section.3}% 17
\BOOKMARK [2][-]{subsection.3.5}{\376\377\000L\000o\000s\000s\000\040\000f\000u\000n\000c\000t\000i\000o\000n\000s}{section.3}% 18
\BOOKMARK [2][-]{subsection.3.6}{\376\377\000B\000a\000c\000k\000w\000a\000r\000d\000\040\000s\000t\000e\000p\000\040\000e\000\040\000G\000r\000a\000d\000i\000e\000n\000t\000\040\000D\000e\000s\000c\000e\000n\000t}{section.3}% 19
\BOOKMARK [3][-]{subsubsection.3.6.1}{\376\377\000L\000'\000i\000n\000t\000u\000i\000z\000i\000o\000n\000e}{subsection.3.6}% 20
\BOOKMARK [3][-]{subsubsection.3.6.2}{\376\377\000B\000a\000c\000k\000p\000r\000o\000p\000a\000g\000a\000t\000i\000o\000n\000:\000\040\000l\000'\000i\000d\000e\000a}{subsection.3.6}% 21
\BOOKMARK [3][-]{subsubsection.3.6.3}{\376\377\000S\000G\000D\000\040\000v\000s\000\040\000b\000a\000t\000c\000h\000\040\000v\000s\000\040\000m\000i\000n\000i\000-\000b\000a\000t\000c\000h}{subsection.3.6}% 22
\BOOKMARK [2][-]{subsection.3.7}{\376\377\000I\000n\000i\000z\000i\000a\000l\000i\000z\000z\000a\000z\000i\000o\000n\000e\000\040\000d\000e\000i\000\040\000p\000e\000s\000i}{section.3}% 23
\BOOKMARK [1][-]{section.4}{\376\377\000A\000l\000g\000o\000r\000i\000t\000m\000i\000\040\000G\000e\000n\000e\000t\000i\000c\000i}{}% 24
\BOOKMARK [2][-]{subsection.4.1}{\376\377\000L\000a\000\040\000m\000e\000t\000a\000f\000o\000r\000a\000\040\000b\000i\000o\000l\000o\000g\000i\000c\000a}{section.4}% 25
\BOOKMARK [2][-]{subsection.4.2}{\376\377\000C\000o\000m\000p\000o\000n\000e\000n\000t\000i\000\040\000f\000o\000n\000d\000a\000m\000e\000n\000t\000a\000l\000i}{section.4}% 26
\BOOKMARK [2][-]{subsection.4.3}{\376\377\000I\000l\000\040\000c\000i\000c\000l\000o\000\040\000e\000v\000o\000l\000u\000t\000i\000v\000o}{section.4}% 27
\BOOKMARK [2][-]{subsection.4.4}{\376\377\000S\000e\000l\000e\000z\000i\000o\000n\000e\000:\000\040\000t\000o\000r\000n\000e\000o}{section.4}% 28
\BOOKMARK [2][-]{subsection.4.5}{\376\377\000C\000r\000o\000s\000s\000o\000v\000e\000r}{section.4}% 29
\BOOKMARK [2][-]{subsection.4.6}{\376\377\000M\000u\000t\000a\000z\000i\000o\000n\000e}{section.4}% 30
\BOOKMARK [3][-]{subsubsection.4.6.1}{\376\377\000I\000\040\000t\000r\000e\000\040\000t\000i\000p\000i\000\040\000d\000i\000\040\000m\000u\000t\000a\000z\000i\000o\000n\000e\000\040\000d\000e\000l\000\040\000p\000r\000o\000g\000e\000t\000t\000o}{subsection.4.6}% 31
\BOOKMARK [2][-]{subsection.4.7}{\376\377\000E\000l\000i\000t\000i\000s\000m\000o}{section.4}% 32
\BOOKMARK [2][-]{subsection.4.8}{\376\377\000G\000A\000\040\000c\000o\000m\000e\000\040\000v\000a\000r\000i\000a\000n\000t\000e\000\040\000d\000e\000l\000l\000a\000\040\000r\000i\000c\000e\000r\000c\000a\000\040\000l\000o\000c\000a\000l\000e}{section.4}% 33
\BOOKMARK [1][-]{section.5}{\376\377\000I\000m\000p\000l\000e\000m\000e\000n\000t\000a\000z\000i\000o\000n\000e\000\040\000d\000e\000l\000\040\000p\000r\000o\000g\000e\000t\000t\000o}{}% 34
\BOOKMARK [2][-]{subsection.5.1}{\376\377\000A\000r\000c\000h\000i\000t\000e\000t\000t\000u\000r\000a\000\040\000d\000e\000l\000\040\000s\000i\000s\000t\000e\000m\000a}{section.5}% 35
\BOOKMARK [2][-]{subsection.5.2}{\376\377\000R\000a\000p\000p\000r\000e\000s\000e\000n\000t\000a\000z\000i\000o\000n\000e\000\040\000d\000e\000l\000\040\000c\000r\000o\000m\000o\000s\000o\000m\000a}{section.5}% 36
\BOOKMARK [2][-]{subsection.5.3}{\376\377\000F\000u\000n\000z\000i\000o\000n\000e\000\040\000d\000i\000\040\000f\000i\000t\000n\000e\000s\000s}{section.5}% 37
\BOOKMARK [3][-]{subsubsection.5.3.1}{\376\377\000P\000e\000r\000c\000h\000\351\000\040\000p\000e\000n\000a\000l\000i\000z\000z\000a\000r\000e\000\040\000l\000a\000\040\000c\000o\000m\000p\000l\000e\000s\000s\000i\000t\000\340}{subsection.5.3}% 38
\BOOKMARK [3][-]{subsubsection.5.3.2}{\376\377\000P\000e\000r\000c\000h\000\351\000\040\000l\000o\000g\000a\000r\000i\000t\000m\000i\000c\000a\000\040\000e\000\040\000n\000o\000n\000\040\000l\000i\000n\000e\000a\000r\000e}{subsection.5.3}% 39
\BOOKMARK [3][-]{subsubsection.5.3.3}{\376\377\000P\000e\000r\000c\000h\000\351\000\040\000K\000\040\000v\000a\000l\000u\000t\000a\000z\000i\000o\000n\000i}{subsection.5.3}% 40
\BOOKMARK [2][-]{subsection.5.4}{\376\377\000O\000p\000e\000r\000a\000t\000o\000r\000i\000\040\000g\000e\000n\000e\000t\000i\000c\000i\000\040\000\050\000p\000s\000e\000u\000d\000o\000c\000o\000d\000i\000c\000e\000\051}{section.5}% 41
\BOOKMARK [3][-]{subsubsection.5.4.1}{\376\377\000S\000e\000l\000e\000z\000i\000o\000n\000e\000\040\000a\000\040\000t\000o\000r\000n\000e\000o}{subsection.5.4}% 42
\BOOKMARK [3][-]{subsubsection.5.4.2}{\376\377\000C\000r\000o\000s\000s\000o\000v\000e\000r\000\040\000a\000\040\000d\000o\000p\000p\000i\000o\000\040\000p\000u\000n\000t\000o\000\040\000d\000i\000\040\000t\000a\000g\000l\000i\000o}{subsection.5.4}% 43
\BOOKMARK [3][-]{subsubsection.5.4.3}{\376\377\000M\000u\000t\000a\000z\000i\000o\000n\000e}{subsection.5.4}% 44
\BOOKMARK [2][-]{subsection.5.5}{\376\377\000I\000l\000\040\000c\000i\000c\000l\000o\000\040\000p\000r\000i\000n\000c\000i\000p\000a\000l\000e\000\040\000\050\000r\000u\000n\000\051}{section.5}% 45
\BOOKMARK [2][-]{subsection.5.6}{\376\377\000P\000r\000e\000p\000r\000o\000c\000e\000s\000s\000i\000n\000g\000\040\000d\000e\000l\000\040\000d\000a\000t\000a\000s\000e\000t}{section.5}% 46
\BOOKMARK [3][-]{subsubsection.5.6.1}{\376\377\000S\000p\000l\000i\000t\000\040\000t\000r\000a\000i\000n\000\040\000/\000\040\000v\000a\000l\000i\000d\000a\000t\000i\000o\000n\000\040\000/\000\040\000t\000e\000s\000t}{subsection.5.6}% 47
\BOOKMARK [3][-]{subsubsection.5.6.2}{\376\377\000N\000o\000r\000m\000a\000l\000i\000z\000z\000a\000z\000i\000o\000n\000e\000\040\000\050\000S\000t\000a\000n\000d\000a\000r\000d\000S\000c\000a\000l\000e\000r\000\051}{subsection.5.6}% 48
\BOOKMARK [3][-]{subsubsection.5.6.3}{\376\377\000O\000n\000e\000-\000h\000o\000t\000\040\000e\000n\000c\000o\000d\000i\000n\000g}{subsection.5.6}% 49
\BOOKMARK [2][-]{subsection.5.7}{\376\377\000L\000a\000\040\000b\000a\000s\000e\000l\000i\000n\000e\000\040\000d\000i\000\040\000c\000o\000n\000f\000r\000o\000n\000t\000o}{section.5}% 50
\BOOKMARK [1][-]{section.6}{\376\377\000C\000o\000n\000c\000e\000t\000t\000i\000\040\000c\000h\000i\000a\000v\000e\000\040\000t\000r\000a\000s\000v\000e\000r\000s\000a\000l\000i}{}% 51
\BOOKMARK [2][-]{subsection.6.1}{\376\377\000O\000v\000e\000r\000f\000i\000t\000t\000i\000n\000g\000\040\000n\000e\000l\000\040\000c\000o\000n\000t\000e\000s\000t\000o\000\040\000d\000e\000l\000\040\000p\000r\000o\000g\000e\000t\000t\000o}{section.6}% 52
\BOOKMARK [2][-]{subsection.6.2}{\376\377\000D\000a\000t\000a\000\040\000l\000e\000a\000k\000a\000g\000e}{section.6}% 53
\BOOKMARK [2][-]{subsection.6.3}{\376\377\000E\000s\000p\000l\000o\000r\000a\000z\000i\000o\000n\000e\000\040\000v\000s\000\040\000s\000f\000r\000u\000t\000t\000a\000m\000e\000n\000t\000o}{section.6}% 54
\BOOKMARK [2][-]{subsection.6.4}{\376\377\000G\000e\000n\000e\000r\000a\000l\000i\000z\000z\000a\000b\000i\000l\000i\000t\000\340\000:\000\040\000m\000e\000t\000o\000d\000o\000\040\000v\000s\000\040\000r\000i\000s\000u\000l\000t\000a\000t\000o}{section.6}% 55
\BOOKMARK [2][-]{subsection.6.5}{\376\377\000O\000t\000t\000i\000m\000i\000z\000z\000a\000z\000i\000o\000n\000e\000\040\000a\000n\000n\000i\000d\000a\000t\000a\000:\000\040\000d\000u\000e\000\040\000l\000i\000v\000e\000l\000l\000i}{section.6}% 56
\BOOKMARK [1][-]{section.7}{\376\377\000E\000s\000p\000e\000r\000i\000m\000e\000n\000t\000i\000\040\000e\000\040\000R\000i\000s\000u\000l\000t\000a\000t\000i}{}% 57
\BOOKMARK [2][-]{subsection.7.1}{\376\377\000M\000e\000t\000o\000d\000o\000l\000o\000g\000i\000a\000:\000\040\000a\000n\000a\000l\000i\000s\000i\000\040\000d\000i\000\040\000s\000e\000n\000s\000i\000b\000i\000l\000i\000t\000\340}{section.7}% 58
\BOOKMARK [3][-]{subsubsection.7.1.1}{\376\377\000D\000a\000t\000a\000s\000e\000t\000\040\000p\000r\000i\000n\000c\000i\000p\000a\000l\000e\000:\000\040\000l\000o\000a\000d\000\137\000d\000i\000g\000i\000t\000s}{subsection.7.1}% 59
\BOOKMARK [3][-]{subsubsection.7.1.2}{\376\377\000C\000o\000n\000f\000i\000g\000u\000r\000a\000z\000i\000o\000n\000e\000\040\000d\000i\000\040\000b\000a\000s\000e}{subsection.7.1}% 60
\BOOKMARK [2][-]{subsection.7.2}{\376\377\000T\000e\000s\000t\000\040\0001\000\040\040\024\000\040\000N\000u\000m\000e\000r\000o\000\040\000d\000i\000\040\000e\000p\000o\000c\000h\000e}{section.7}% 61
\BOOKMARK [2][-]{subsection.7.3}{\376\377\000T\000e\000s\000t\000\040\0002\000\040\040\024\000\040\000N\000u\000m\000e\000r\000o\000\040\000d\000i\000\040\000v\000a\000l\000u\000t\000a\000z\000i\000o\000n\000i\000\040\000K}{section.7}% 62
\BOOKMARK [2][-]{subsection.7.4}{\376\377\000T\000e\000s\000t\000\040\0003\000\040\040\024\000\040\000L\000e\000a\000r\000n\000i\000n\000g\000\040\000r\000a\000t\000e}{section.7}% 63
\BOOKMARK [2][-]{subsection.7.5}{\376\377\000T\000e\000s\000t\000\040\0004\000\040\040\024\000\040\000P\000e\000n\000a\000l\000i\000t\000\340\000\040\000d\000i\000\040\000c\000o\000m\000p\000l\000e\000s\000s\000i\000t\000\340\000\040}{section.7}% 64
\BOOKMARK [2][-]{subsection.7.6}{\376\377\000T\000e\000s\000t\000\040\0005\000\040\040\024\000\040\000M\000u\000t\000a\000t\000i\000o\000n\000\040\000r\000a\000t\000e}{section.7}% 65
\BOOKMARK [2][-]{subsection.7.7}{\376\377\000T\000e\000s\000t\000\040\0006\000\040\040\024\000\040\000D\000i\000m\000e\000n\000s\000i\000o\000n\000e\000\040\000d\000e\000l\000l\000a\000\040\000p\000o\000p\000o\000l\000a\000z\000i\000o\000n\000e}{section.7}% 66
\BOOKMARK [2][-]{subsection.7.8}{\376\377\000T\000e\000s\000t\000\040\0007\000\040\040\024\000\040\000N\000u\000m\000e\000r\000o\000\040\000d\000i\000\040\000g\000e\000n\000e\000r\000a\000z\000i\000o\000n\000i}{section.7}% 67
\BOOKMARK [2][-]{subsection.7.9}{\376\377\000T\000e\000s\000t\000\040\0008\000\040\040\024\000\040\000G\000e\000n\000e\000r\000a\000l\000i\000z\000z\000a\000b\000i\000l\000i\000t\000\340\000\040\000s\000u\000\040\000d\000a\000t\000a\000s\000e\000t\000\040\000d\000i\000v\000e\000r\000s\000i}{section.7}% 68
\BOOKMARK [2][-]{subsection.7.10}{\376\377\000T\000e\000s\000t\000\040\0009\000A\000\040\040\024\000\040\000B\000i\000a\000s\000\040\000o\000t\000t\000i\000m\000i\000s\000t\000i\000c\000o\000\040\000v\000a\000l\000\040\000v\000s\000\040\000t\000e\000s\000t}{section.7}% 69
\BOOKMARK [2][-]{subsection.7.11}{\376\377\000T\000e\000s\000t\000\040\0009\000B\000\040\040\024\000\040\000L\000e\000a\000k\000a\000g\000e\000\040\000d\000a\000\040\000p\000r\000e\000p\000r\000o\000c\000e\000s\000s\000i\000n\000g}{section.7}% 70
\BOOKMARK [2][-]{subsection.7.12}{\376\377\000R\000i\000e\000p\000i\000l\000o\000g\000o\000\040\000d\000e\000l\000l\000a\000\040\000c\000o\000n\000f\000i\000g\000u\000r\000a\000z\000i\000o\000n\000e\000\040\000o\000t\000t\000i\000m\000a\000l\000e}{section.7}% 71
\BOOKMARK [1][-]{section.8}{\376\377\000D\000i\000s\000c\000u\000s\000s\000i\000o\000n\000e\000\040\000e\000\040\000C\000o\000n\000c\000l\000u\000s\000i\000o\000n\000i}{}% 72
\BOOKMARK [2][-]{subsection.8.1}{\376\377\000C\000o\000s\000a\000\040\000i\000l\000\040\000p\000r\000o\000g\000e\000t\000t\000o\000\040\000d\000i\000m\000o\000s\000t\000r\000a}{section.8}% 73
\BOOKMARK [2][-]{subsection.8.2}{\376\377\000L\000i\000m\000i\000t\000i\000\040\000d\000e\000l\000\040\000p\000r\000o\000g\000e\000t\000t\000o}{section.8}% 74
\BOOKMARK [2][-]{subsection.8.3}{\376\377\000S\000v\000i\000l\000u\000p\000p\000i\000\040\000f\000u\000t\000u\000r\000i}{section.8}% 75
\BOOKMARK [1][-]{section.9}{\376\377\000D\000o\000m\000a\000n\000d\000e\000\040\000t\000i\000p\000o\000\040\000o\000r\000a\000l\000e\000\040\000\050\000c\000o\000n\000\040\000r\000i\000s\000p\000o\000s\000t\000e\000\040\000r\000a\000g\000i\000o\000n\000a\000t\000e\000\051}{}% 76
\BOOKMARK [2][-]{subsection.9.1}{\376\377\000S\000u\000l\000\040\000p\000r\000o\000g\000e\000t\000t\000o\000\040\000i\000n\000\040\000g\000e\000n\000e\000r\000a\000l\000e}{section.9}% 77
\BOOKMARK [2][-]{subsection.9.2}{\376\377\000S\000u\000\040\000r\000e\000t\000i\000\040\000n\000e\000u\000r\000a\000l\000i}{section.9}% 78
\BOOKMARK [2][-]{subsection.9.3}{\376\377\000S\000u\000\040\000a\000l\000g\000o\000r\000i\000t\000m\000i\000\040\000g\000e\000n\000e\000t\000i\000c\000i}{section.9}% 79
\BOOKMARK [2][-]{subsection.9.4}{\376\377\000S\000u\000\040\000N\000A\000S\000\040\000e\000\040\000f\000i\000t\000n\000e\000s\000s}{section.9}% 80
\BOOKMARK [2][-]{subsection.9.5}{\376\377\000S\000u\000\040\000v\000a\000l\000i\000d\000a\000z\000i\000o\000n\000e\000\040\000e\000\040\000l\000e\000a\000k\000a\000g\000e}{section.9}% 81
\BOOKMARK [2][-]{subsection.9.6}{\376\377\000D\000o\000m\000a\000n\000d\000e\000\040\000d\000i\000\040\000a\000p\000p\000r\000o\000f\000o\000n\000d\000i\000m\000e\000n\000t\000o}{section.9}% 82
\BOOKMARK [1][-]{appendix.A}{\376\377\000G\000l\000o\000s\000s\000a\000r\000i\000o\000\040\000d\000e\000i\000\040\000t\000e\000r\000m\000i\000n\000i\000\040\000c\000h\000i\000a\000v\000e}{}% 83
